<?xml version="1.0" encoding="UTF-8"?>
<testsuite name="ch.heigvd.res.lab00.ApplicationTest" time="0.003" tests="5" errors="0" skipped="0" failures="0">
  <properties>
    <property name="DISPLAY" value=":0"/>
    <property name="file.encoding.pkg" value="sun.io"/>
    <property name="CLUTTER_IM_MODULE" value="xim"/>
    <property name="SELINUX_INIT" value="YES"/>
    <property name="java.home" value="/usr/lib/jvm/java-8-oracle/jre"/>
    <property name="XDG_GREETER_DATA_DIR" value="/var/lib/lightdm-data/alex"/>
    <property name="LOGNAME" value="alex"/>
    <property name="VTE_VERSION" value="3409"/>
    <property name="XFILESEARCHPATH" value="/usr/dt/app-defaults/%L/Dt"/>
    <property name="NODE_NAME" value="master"/>
    <property name="PWD" value="/home/alex/Git/jenkins"/>
    <property name="JENKINS_URL" value="http://localhost:8080/"/>
    <property name="sun.font.fontmanager" value="sun.awt.X11FontManager"/>
    <property name="GDMSESSION" value="ubuntu"/>
    <property name="java.endorsed.dirs" value="/usr/lib/jvm/java-8-oracle/jre/lib/endorsed"/>
    <property name="XDG_SEAT_PATH" value="/org/freedesktop/DisplayManager/Seat0"/>
    <property name="sun.os.patch.level" value="unknown"/>
    <property name="java.vendor.url" value="http://java.oracle.com/"/>
    <property name="GPG_AGENT_INFO" value="/run/user/1000/keyring-nwIQBB/gpg:0:1"/>
    <property name="java.version" value="1.8.0_40"/>
    <property name="TEXTDOMAIN" value="im-config"/>
    <property name="JOB_NAME" value="Build lab project (commit stage)"/>
    <property name="java.vendor.url.bug" value="http://bugreport.sun.com/bugreport/"/>
    <property name="XDG_DATA_DIRS" value="/usr/share/ubuntu:/usr/share/gnome:/usr/local/share/:/usr/share/"/>
    <property name="LC_NAME" value="de_CH.UTF-8"/>
    <property name="user.name" value="alex"/>
    <property name="sun.io.unicode.encoding" value="UnicodeLittle"/>
    <property name="XDG_RUNTIME_DIR" value="/run/user/1000"/>
    <property name="sun.jnu.encoding" value="UTF-8"/>
    <property name="java.runtime.name" value="Java(TM) SE Runtime Environment"/>
    <property name="GNOME_KEYRING_CONTROL" value="/run/user/1000/keyring-nwIQBB"/>
    <property name="java.specification.name" value="Java Platform API Specification"/>
    <property name="user.timezone" value="Europe/Zurich"/>
    <property name="path.separator" value=":"/>
    <property name="WINDOWID" value="52430633"/>
    <property name="BUILD_TAG" value="jenkins-Build lab project (commit stage)-4"/>
    <property name="TERM" value="xterm"/>
    <property name="GTK_MODULES" value="overlay-scrollbar:unity-gtk-module"/>
    <property name="MANDATORY_PATH" value="/usr/share/gconf/ubuntu.mandatory.path"/>
    <property name="file.encoding" value="UTF-8"/>
    <property name="PATH" value="/usr/local/apache-maven/apache-maven-3.2.5/bin/:/usr/local/sbin:/usr/local/bin:/usr/sbin:/usr/bin:/sbin:/bin:/usr/games:/usr/local/games:/usr/lib/jvm/java-8-oracle/bin:/usr/lib/jvm/java-8-oracle/db/bin:/usr/lib/jvm/java-8-oracle/jre/bin"/>
    <property name="DESKTOP_SESSION" value="ubuntu"/>
    <property name="sun.java.command" value="jenkins.maven3.agent.Maven31Main /usr/local/apache-maven/apache-maven-3.2.5/ /home/alex/.jenkins/war/WEB-INF/lib/remoting-2.49.jar /home/alex/.jenkins/plugins/maven-plugin/WEB-INF/lib/maven31-interceptor-1.5.jar /home/alex/.jenkins/plugins/maven-plugin/WEB-INF/lib/maven3-interceptor-commons-1.5.jar 46304"/>
    <property name="HUDSON_URL" value="http://localhost:8080/"/>
    <property name="XDG_CONFIG_DIRS" value="/etc/xdg/xdg-ubuntu:/usr/share/upstart/xdg:/etc/xdg"/>
    <property name="JENKINS_SERVER_COOKIE" value="1576a8b1d7ab3550"/>
    <property name="SESSIONTYPE" value="gnome-session"/>
    <property name="EXECUTOR_NUMBER" value="1"/>
    <property name="J2REDIR" value="/usr/lib/jvm/java-8-oracle/jre"/>
    <property name="LC_TELEPHONE" value="de_CH.UTF-8"/>
    <property name="XDG_SESSION_PATH" value="/org/freedesktop/DisplayManager/Session0"/>
    <property name="java.io.tmpdir" value="/tmp"/>
    <property name="user.language" value="en"/>
    <property name="line.separator" value="&#10;"/>
    <property name="COLORTERM" value="gnome-terminal"/>
    <property name="BUILD_URL" value="http://localhost:8080/job/Build%20lab%20project%20(commit%20stage)/4/"/>
    <property name="SHLVL" value="1"/>
    <property name="M2_HOME" value="/usr/local/apache-maven/apache-maven-3.2.5/"/>
    <property name="USER" value="alex"/>
    <property name="java.vm.info" value="mixed mode"/>
    <property name="sun.desktop" value="gnome"/>
    <property name="java.vm.specification.name" value="Java Virtual Machine Specification"/>
    <property name="BUILD_DISPLAY_NAME" value="#4"/>
    <property name="LC_TIME" value="de_CH.UTF-8"/>
    <property name="guice.disable.misplaced.annotation.check" value="true"/>
    <property name="HUDSON_SERVER_COOKIE" value="1576a8b1d7ab3550"/>
    <property name="UPSTART_SESSION" value="unix:abstract=/com/ubuntu/upstart-session/1000/1813"/>
    <property name="MAVEN_HOME" value="/usr/local/apache-maven/apache-maven-3.2.5/"/>
    <property name="java.awt.printerjob" value="sun.print.PSPrinterJob"/>
    <property name="SESSION_MANAGER" value="local/alex-virtual-machine:@/tmp/.ICE-unix/2004,unix/alex-virtual-machine:/tmp/.ICE-unix/2004"/>
    <property name="DEFAULTS_PATH" value="/usr/share/gconf/ubuntu.default.path"/>
    <property name="maven3.interceptor.common" value="/home/alex/.jenkins/plugins/maven-plugin/WEB-INF/lib/maven3-interceptor-commons-1.5.jar"/>
    <property name="CLASSPATH" value=""/>
    <property name="GNOME_DESKTOP_SESSION_ID" value="this-is-deprecated"/>
    <property name="LC_NUMERIC" value="de_CH.UTF-8"/>
    <property name="XAUTHORITY" value="/home/alex/.Xauthority"/>
    <property name="LESSCLOSE" value="/usr/bin/lesspipe %s %s"/>
    <property name="XDG_MENU_PREFIX" value="gnome-"/>
    <property name="XDG_CURRENT_DESKTOP" value="Unity"/>
    <property name="os.name" value="Linux"/>
    <property name="java.specification.vendor" value="Oracle Corporation"/>
    <property name="java.vm.name" value="Java HotSpot(TM) 64-Bit Server VM"/>
    <property name="BUILD_NUMBER" value="4"/>
    <property name="maven3.interceptor" value="/home/alex/.jenkins/plugins/maven-plugin/WEB-INF/lib/maven31-interceptor-1.5.jar"/>
    <property name="java.library.path" value="/usr/java/packages/lib/amd64:/usr/lib64:/lib64:/lib:/usr/lib"/>
    <property name="LC_MEASUREMENT" value="de_CH.UTF-8"/>
    <property name="DERBY_HOME" value="/usr/lib/jvm/java-8-oracle/db"/>
    <property name="LC_ADDRESS" value="de_CH.UTF-8"/>
    <property name="QT_IM_MODULE" value="ibus"/>
    <property name="POM_GROUPID" value="ch.heigvd.res.lab01"/>
    <property name="POM_ARTIFACTID" value="Lab00App-build"/>
    <property name="java.class.version" value="52.0"/>
    <property name="DBUS_SESSION_BUS_ADDRESS" value="unix:abstract=/tmp/dbus-saKfZzmGej"/>
    <property name="JOB_URL" value="http://localhost:8080/job/Build%20lab%20project%20(commit%20stage)/"/>
    <property name="JENKINS_HOME" value="/home/alex/.jenkins"/>
    <property name="COMPIZ_CONFIG_PROFILE" value="ubuntu"/>
    <property name="BUILD_ID" value="4"/>
    <property name="sun.boot.library.path" value="/usr/lib/jvm/java-8-oracle/jre/lib/amd64"/>
    <property name="TEXTDOMAINDIR" value="/usr/share/locale/"/>
    <property name="sun.management.compiler" value="HotSpot 64-Bit Tiered Compilers"/>
    <property name="java.awt.graphicsenv" value="sun.awt.X11GraphicsEnvironment"/>
    <property name="POM_VERSION" value="1.0-SNAPSHOT"/>
    <property name="GTK_IM_MODULE" value="ibus"/>
    <property name="HUDSON_HOME" value="/home/alex/.jenkins"/>
    <property name="PATH+MAVEN" value="/usr/local/apache-maven/apache-maven-3.2.5//bin"/>
    <property name="NLSPATH" value="/usr/dt/lib/nls/msg/%L/%N.cat"/>
    <property name="OLDPWD" value="/home/alex/Git"/>
    <property name="INSTANCE" value=""/>
    <property name="QT_QPA_PLATFORMTHEME" value="appmenu-qt5"/>
    <property name="java.vm.specification.version" value="1.8"/>
    <property name="JAVA_HOME" value="/usr/lib/jvm/java-8-oracle"/>
    <property name="SHELL" value="/bin/bash"/>
    <property name="SESSION" value="ubuntu"/>
    <property name="awt.toolkit" value="sun.awt.X11.XToolkit"/>
    <property name="NODE_LABELS" value="master"/>
    <property name="sun.cpu.isalist" value=""/>
    <property name="securerandom.source" value="file:/dev/./urandom"/>
    <property name="java.ext.dirs" value="/usr/lib/jvm/java-8-oracle/jre/lib/ext:/usr/java/packages/lib/ext"/>
    <property name="os.version" value="3.13.0-46-generic"/>
    <property name="user.home" value="/home/alex"/>
    <property name="_" value="/usr/bin/java"/>
    <property name="java.vm.vendor" value="Oracle Corporation"/>
    <property name="JOB" value="dbus"/>
    <property name="LC_MONETARY" value="de_CH.UTF-8"/>
    <property name="IM_CONFIG_PHASE" value="1"/>
    <property name="user.dir" value="/home/alex/Git/Teaching-MSE-SEA-2015-Lab-BDD/Lab00App-build"/>
    <property name="GDM_LANG" value="en_US"/>
    <property name="XDG_VTNR" value="7"/>
    <property name="sun.cpu.endian" value="little"/>
    <property name="java.vm.version" value="25.40-b25"/>
    <property name="java.class.path" value="/home/alex/.jenkins/plugins/maven-plugin/WEB-INF/lib/maven31-agent-1.5.jar:/usr/local/apache-maven/apache-maven-3.2.5/boot/plexus-classworlds-2.5.2.jar:/usr/local/apache-maven/apache-maven-3.2.5/conf/logging"/>
    <property name="org.slf4j.simpleLogger.defaultLogLevel" value="info"/>
    <property name="XDG_SEAT" value="seat0"/>
    <property name="MAVEN_OPTS" value="-Xms256m -Xmx512m"/>
    <property name="os.arch" value="amd64"/>
    <property name="LC_PAPER" value="de_CH.UTF-8"/>
    <property name="WORKSPACE" value="/home/alex/.jenkins/jobs/Build lab project (commit stage)/workspace"/>
    <property name="sun.java.launcher" value="SUN_STANDARD"/>
    <property name="LANG" value="en_US.UTF-8"/>
    <property name="GNOME_KEYRING_PID" value="1937"/>
    <property name="LESSOPEN" value="| /usr/bin/lesspipe %s"/>
    <property name="java.vm.specification.vendor" value="Oracle Corporation"/>
    <property name="file.separator" value="/"/>
    <property name="J2SDKDIR" value="/usr/lib/jvm/java-8-oracle"/>
    <property name="LANGUAGE" value="en_US"/>
    <property name="java.runtime.version" value="1.8.0_40-b25"/>
    <property name="sun.boot.class.path" value="/usr/lib/jvm/java-8-oracle/jre/lib/resources.jar:/usr/lib/jvm/java-8-oracle/jre/lib/rt.jar:/usr/lib/jvm/java-8-oracle/jre/lib/sunrsasign.jar:/usr/lib/jvm/java-8-oracle/jre/lib/jsse.jar:/usr/lib/jvm/java-8-oracle/jre/lib/jce.jar:/usr/lib/jvm/java-8-oracle/jre/lib/charsets.jar:/usr/lib/jvm/java-8-oracle/jre/lib/jfr.jar:/usr/lib/jvm/java-8-oracle/jre/classes"/>
    <property name="XDG_SESSION_ID" value="c1"/>
    <property name="QT4_IM_MODULE" value="xim"/>
    <property name="user.country" value="US"/>
    <property name="POM_PACKAGING" value="pom"/>
    <property name="maven.home" value="/usr/local/apache-maven/apache-maven-3.2.5"/>
    <property name="LC_IDENTIFICATION" value="de_CH.UTF-8"/>
    <property name="XMODIFIERS" value="@im=ibus"/>
    <property name="HOME" value="/home/alex"/>
    <property name="java.vendor" value="Oracle Corporation"/>
    <property name="SSH_AUTH_SOCK" value="/run/user/1000/keyring-nwIQBB/ssh"/>
    <property name="LS_COLORS" value="rs=0:di=01;34:ln=01;36:mh=00:pi=40;33:so=01;35:do=01;35:bd=40;33;01:cd=40;33;01:or=40;31;01:su=37;41:sg=30;43:ca=30;41:tw=30;42:ow=34;42:st=37;44:ex=01;32:*.tar=01;31:*.tgz=01;31:*.arj=01;31:*.taz=01;31:*.lzh=01;31:*.lzma=01;31:*.tlz=01;31:*.txz=01;31:*.zip=01;31:*.z=01;31:*.Z=01;31:*.dz=01;31:*.gz=01;31:*.lz=01;31:*.xz=01;31:*.bz2=01;31:*.bz=01;31:*.tbz=01;31:*.tbz2=01;31:*.tz=01;31:*.deb=01;31:*.rpm=01;31:*.jar=01;31:*.war=01;31:*.ear=01;31:*.sar=01;31:*.rar=01;31:*.ace=01;31:*.zoo=01;31:*.cpio=01;31:*.7z=01;31:*.rz=01;31:*.jpg=01;35:*.jpeg=01;35:*.gif=01;35:*.bmp=01;35:*.pbm=01;35:*.pgm=01;35:*.ppm=01;35:*.tga=01;35:*.xbm=01;35:*.xpm=01;35:*.tif=01;35:*.tiff=01;35:*.png=01;35:*.svg=01;35:*.svgz=01;35:*.mng=01;35:*.pcx=01;35:*.mov=01;35:*.mpg=01;35:*.mpeg=01;35:*.m2v=01;35:*.mkv=01;35:*.webm=01;35:*.ogm=01;35:*.mp4=01;35:*.m4v=01;35:*.mp4v=01;35:*.vob=01;35:*.qt=01;35:*.nuv=01;35:*.wmv=01;35:*.asf=01;35:*.rm=01;35:*.rmvb=01;35:*.flc=01;35:*.avi=01;35:*.fli=01;35:*.flv=01;35:*.gl=01;35:*.dl=01;35:*.xcf=01;35:*.xwd=01;35:*.yuv=01;35:*.cgm=01;35:*.emf=01;35:*.axv=01;35:*.anx=01;35:*.ogv=01;35:*.ogx=01;35:*.aac=00;36:*.au=00;36:*.flac=00;36:*.mid=00;36:*.midi=00;36:*.mka=00;36:*.mp3=00;36:*.mpc=00;36:*.ogg=00;36:*.ra=00;36:*.wav=00;36:*.axa=00;36:*.oga=00;36:*.spx=00;36:*.xspf=00;36:"/>
    <property name="POM_DISPLAYNAME" value="Lab00App-build"/>
    <property name="COMPIZ_BIN_PATH" value="/usr/bin/"/>
    <property name="java.specification.version" value="1.8"/>
    <property name="sun.arch.data.model" value="64"/>
  </properties>
  <testcase name="thereShouldBeAClassNamedApplication" classname="ch.heigvd.res.lab00.ApplicationTest" time="0.001"/>
  <testcase name="thereShouldBeAGetterForMessage" classname="ch.heigvd.res.lab00.ApplicationTest" time="0"/>
  <testcase name="theDefaultValueForMessageShouldBeDefined" classname="ch.heigvd.res.lab00.ApplicationTest" time="0.002"/>
  <testcase name="theGetterForMessageShouldReturnTheCorrectValue" classname="ch.heigvd.res.lab00.ApplicationTest" time="0"/>
  <testcase name="thereShouldBeAMethodToAddIntegers" classname="ch.heigvd.res.lab00.ApplicationTest" time="0"/>
</testsuite>